<?xml version="1.0" encoding="UTF-8"?>
<!-- Generated by org.testng.reporters.JUnitReportReporter -->
<testsuite skipped="0" hostname="ICPL12712" name="practice.automation.test.App" tests="2" failures="0" timestamp="23 Oct 2019 01:06:09 GMT" time="63.003" errors="0">
  <testcase name="happyFlow" time="25.523" classname="practice.automation.test.App"/>
  <testcase name="unhappyFlow" time="37.480" classname="practice.automation.test.App"/>
</testsuite> <!-- practice.automation.test.App -->
