<?xml version="1.0" encoding="UTF-8"?>
<!-- Generated by org.testng.reporters.JUnitReportReporter -->
<testsuite skipped="0" hostname="ICPL12712" name="practice.automation.test.App" tests="1" failures="0" timestamp="21 Oct 2019 16:28:54 GMT" time="28.297" errors="0">
  <testcase name="assignmentOne" time="28.297" classname="practice.automation.test.App"/>
</testsuite> <!-- practice.automation.test.App -->
