<?xml version="1.0" encoding="UTF-8"?>
<!-- Generated by org.testng.reporters.JUnitReportReporter -->
<testsuite skipped="0" hostname="ICPL12712" name="practice.automation.test.App" tests="2" failures="0" timestamp="22 Oct 2019 01:59:01 GMT" time="54.924" errors="0">
  <testcase name="happyFlow" time="22.662" classname="practice.automation.test.App"/>
  <testcase name="unhappyFlow" time="32.262" classname="practice.automation.test.App"/>
</testsuite> <!-- practice.automation.test.App -->
